[2020-12-08T17:48:19.204] [DEBUG] cheese - login => username:zs,password:123456
[2020-12-08T17:48:19.205] [DEBUG] cheese - zs
[2020-12-08T17:49:52.148] [DEBUG] cheese - login => username:admin,password:123456
[2020-12-08T17:49:52.148] [DEBUG] cheese - admin
[2020-12-08T17:49:52.151] [DEBUG] cheese - login => username:admin,password:123456
[2020-12-08T17:49:52.151] [DEBUG] cheese - admin
[2020-12-08T17:49:52.156] [DEBUG] cheese - null
[2020-12-08T17:49:52.157] [DEBUG] cheese - null
[2020-12-08T17:49:52.159] [DEBUG] cheese - null
[2020-12-08T17:49:52.159] [DEBUG] cheese - null
[2020-12-08T17:49:52.247] [DEBUG] cheese - null
[2020-12-08T17:49:52.247] [DEBUG] cheese - null
[2020-12-09T09:06:18.113] [DEBUG] cheese - login => username:111111,password:1111111
[2020-12-09T09:06:18.114] [DEBUG] cheese - 111111
[2020-12-09T09:06:18.127] [DEBUG] cheese - null
[2020-12-09T09:06:18.127] [DEBUG] cheese - null
[2020-12-09T09:06:19.076] [DEBUG] cheese - login => username:111111,password:1111111
[2020-12-09T09:06:19.076] [DEBUG] cheese - 111111
[2020-12-09T09:06:19.079] [DEBUG] cheese - null
[2020-12-09T09:06:19.079] [DEBUG] cheese - null
[2020-12-09T09:06:19.479] [DEBUG] cheese - login => username:111111,password:1111111
[2020-12-09T09:06:19.479] [DEBUG] cheese - 111111
[2020-12-09T09:06:19.481] [DEBUG] cheese - null
[2020-12-09T09:06:19.481] [DEBUG] cheese - null
[2020-12-09T09:06:19.659] [DEBUG] cheese - login => username:111111,password:1111111
[2020-12-09T09:06:19.660] [DEBUG] cheese - 111111
[2020-12-09T09:06:19.661] [DEBUG] cheese - null
[2020-12-09T09:06:19.661] [DEBUG] cheese - null
[2020-12-09T09:06:19.837] [DEBUG] cheese - login => username:111111,password:1111111
[2020-12-09T09:06:19.837] [DEBUG] cheese - 111111
[2020-12-09T09:06:19.838] [DEBUG] cheese - null
[2020-12-09T09:06:19.838] [DEBUG] cheese - null
[2020-12-09T09:06:20.004] [DEBUG] cheese - login => username:111111,password:1111111
[2020-12-09T09:06:20.004] [DEBUG] cheese - 111111
[2020-12-09T09:06:20.006] [DEBUG] cheese - null
[2020-12-09T09:06:20.006] [DEBUG] cheese - null
[2020-12-09T09:06:20.180] [DEBUG] cheese - login => username:111111,password:1111111
[2020-12-09T09:06:20.180] [DEBUG] cheese - 111111
[2020-12-09T09:06:20.181] [DEBUG] cheese - null
[2020-12-09T09:06:20.181] [DEBUG] cheese - null
[2020-12-09T09:06:20.356] [DEBUG] cheese - login => username:111111,password:1111111
[2020-12-09T09:06:20.356] [DEBUG] cheese - 111111
[2020-12-09T09:06:20.357] [DEBUG] cheese - null
[2020-12-09T09:06:20.358] [DEBUG] cheese - null
[2020-12-09T09:06:20.527] [DEBUG] cheese - login => username:111111,password:1111111
[2020-12-09T09:06:20.527] [DEBUG] cheese - 111111
[2020-12-09T09:06:20.529] [DEBUG] cheese - null
[2020-12-09T09:06:20.529] [DEBUG] cheese - null
[2020-12-09T09:06:21.446] [DEBUG] cheese - login => username:111111,password:1111111
[2020-12-09T09:06:21.446] [DEBUG] cheese - 111111
[2020-12-09T09:06:21.447] [DEBUG] cheese - null
[2020-12-09T09:06:21.447] [DEBUG] cheese - null
[2020-12-09T09:06:21.612] [DEBUG] cheese - login => username:111111,password:1111111
[2020-12-09T09:06:21.612] [DEBUG] cheese - 111111
[2020-12-09T09:06:21.613] [DEBUG] cheese - null
[2020-12-09T09:06:21.613] [DEBUG] cheese - null
[2020-12-09T09:06:21.782] [DEBUG] cheese - login => username:111111,password:1111111
[2020-12-09T09:06:21.782] [DEBUG] cheese - 111111
[2020-12-09T09:06:21.783] [DEBUG] cheese - null
[2020-12-09T09:06:21.783] [DEBUG] cheese - null
[2020-12-09T09:06:21.934] [DEBUG] cheese - login => username:111111,password:1111111
[2020-12-09T09:06:21.934] [DEBUG] cheese - 111111
[2020-12-09T09:06:21.935] [DEBUG] cheese - null
[2020-12-09T09:06:21.935] [DEBUG] cheese - null
[2020-12-09T09:06:22.102] [DEBUG] cheese - login => username:111111,password:1111111
[2020-12-09T09:06:22.102] [DEBUG] cheese - 111111
[2020-12-09T09:06:22.104] [DEBUG] cheese - null
[2020-12-09T09:06:22.104] [DEBUG] cheese - null
[2020-12-09T09:07:17.530] [DEBUG] cheese - login => username:111111,password:111111111
[2020-12-09T09:07:17.530] [DEBUG] cheese - 111111
[2020-12-09T09:07:17.532] [DEBUG] cheese - null
[2020-12-09T09:07:17.532] [DEBUG] cheese - null
[2020-12-09T09:08:55.388] [DEBUG] cheese - login => username:111111,password:1111111
[2020-12-09T09:08:55.388] [DEBUG] cheese - 111111
[2020-12-09T09:08:55.389] [DEBUG] cheese - null
[2020-12-09T09:08:55.389] [DEBUG] cheese - null
[2020-12-09T09:09:48.568] [DEBUG] cheese - login => username:11111,password:1111111
[2020-12-09T09:09:48.568] [DEBUG] cheese - 11111
[2020-12-09T09:09:48.569] [DEBUG] cheese - null
[2020-12-09T09:09:48.569] [DEBUG] cheese - null
[2020-12-09T09:10:08.298] [DEBUG] cheese - login => username:1111111222,password:222222222222222
[2020-12-09T09:10:08.299] [DEBUG] cheese - 1111111222
[2020-12-09T09:10:08.301] [DEBUG] cheese - null
[2020-12-09T09:10:08.301] [DEBUG] cheese - null
[2020-12-09T09:10:21.782] [DEBUG] cheese - login => username:admin,password:123456
[2020-12-09T09:10:21.782] [DEBUG] cheese - admin
[2020-12-09T09:10:21.786] [DEBUG] cheese - null
[2020-12-09T09:10:21.786] [DEBUG] cheese - null
[2020-12-09T09:11:34.235] [DEBUG] cheese - login => username:111111,password:11111111
[2020-12-09T09:11:34.235] [DEBUG] cheese - 111111
[2020-12-09T09:12:48.536] [DEBUG] cheese - login => username:44444,password:4444444
[2020-12-09T09:12:48.536] [DEBUG] cheese - 44444
[2020-12-09T09:12:48.538] [DEBUG] cheese - null
[2020-12-09T09:12:48.538] [DEBUG] cheese - null
[2020-12-09T09:12:48.540] [DEBUG] cheese - null
[2020-12-09T09:12:48.540] [DEBUG] cheese - null
[2020-12-09T09:12:48.541] [DEBUG] cheese - login => username:44444,password:4444444
[2020-12-09T09:12:48.541] [DEBUG] cheese - 44444
[2020-12-09T09:12:48.542] [DEBUG] cheese - login => username:44444,password:4444444
[2020-12-09T09:12:48.542] [DEBUG] cheese - 44444
[2020-12-09T09:12:48.543] [DEBUG] cheese - login => username:44444,password:4444444
[2020-12-09T09:12:48.543] [DEBUG] cheese - 44444
[2020-12-09T09:12:48.545] [DEBUG] cheese - login => username:44444,password:4444444
[2020-12-09T09:12:48.545] [DEBUG] cheese - 44444
[2020-12-09T09:12:48.548] [DEBUG] cheese - null
[2020-12-09T09:12:48.548] [DEBUG] cheese - null
[2020-12-09T09:12:48.549] [DEBUG] cheese - null
[2020-12-09T09:12:48.549] [DEBUG] cheese - null
[2020-12-09T09:12:48.550] [DEBUG] cheese - null
[2020-12-09T09:12:48.551] [DEBUG] cheese - null
[2020-12-09T09:12:48.552] [DEBUG] cheese - null
[2020-12-09T09:12:48.552] [DEBUG] cheese - null
[2020-12-09T09:13:39.919] [DEBUG] cheese - login => username:11111,password:1111111
[2020-12-09T09:13:39.919] [DEBUG] cheese - 11111
[2020-12-09T09:13:39.920] [DEBUG] cheese - null
[2020-12-09T09:13:39.920] [DEBUG] cheese - null
[2020-12-09T09:14:35.816] [DEBUG] cheese - login => username:11111111,password:222222222
[2020-12-09T09:14:35.816] [DEBUG] cheese - 11111111
[2020-12-09T09:14:35.818] [DEBUG] cheese - null
[2020-12-09T09:14:35.818] [DEBUG] cheese - null
[2020-12-09T09:14:42.335] [DEBUG] cheese - login => username:admin,password:222222222
[2020-12-09T09:14:42.335] [DEBUG] cheese - admin
[2020-12-09T09:14:42.336] [DEBUG] cheese - null
[2020-12-09T09:14:42.336] [DEBUG] cheese - null
[2020-12-09T09:15:00.534] [DEBUG] cheese - login => username:admin,password:123456
[2020-12-09T09:15:00.534] [DEBUG] cheese - admin
[2020-12-09T09:15:00.535] [DEBUG] cheese - null
[2020-12-09T09:15:00.535] [DEBUG] cheese - null
[2020-12-09T09:25:50.866] [DEBUG] cheese - login => username:11111,password:111111
[2020-12-09T09:25:50.866] [DEBUG] cheese - 11111
[2020-12-09T09:25:50.869] [DEBUG] cheese - null
[2020-12-09T09:25:50.869] [DEBUG] cheese - null
[2020-12-09T09:26:01.329] [DEBUG] cheese - login => username:admin,password:123456
[2020-12-09T09:26:01.329] [DEBUG] cheese - admin
[2020-12-09T09:26:01.330] [DEBUG] cheese - null
[2020-12-09T09:26:01.330] [DEBUG] cheese - null
[2020-12-09T09:26:15.673] [DEBUG] cheese - login => username:admin,password:123456
[2020-12-09T09:26:15.673] [DEBUG] cheese - admin
[2020-12-09T09:26:15.675] [DEBUG] cheese - null
[2020-12-09T09:26:15.675] [DEBUG] cheese - null
[2020-12-09T09:27:42.150] [DEBUG] cheese - login => username:admin,password:123456
[2020-12-09T09:27:42.151] [DEBUG] cheese - admin
[2020-12-09T09:27:42.152] [DEBUG] cheese - null
[2020-12-09T09:27:42.152] [DEBUG] cheese - null
[2020-12-09T09:29:34.485] [DEBUG] cheese - login => username:admin,password:123456
[2020-12-09T09:29:34.485] [DEBUG] cheese - admin
[2020-12-09T09:29:34.487] [DEBUG] cheese - null
[2020-12-09T09:29:34.487] [DEBUG] cheese - null
[2020-12-09T09:33:15.489] [DEBUG] cheese - login => username:admin,password:123456
[2020-12-09T09:33:15.489] [DEBUG] cheese - admin
[2020-12-09T09:33:15.492] [DEBUG] cheese - null
[2020-12-09T09:33:15.492] [DEBUG] cheese - null
[2020-12-09T09:35:37.426] [DEBUG] cheese - login => username:admin,password:123456
[2020-12-09T09:35:37.426] [DEBUG] cheese - admin
[2020-12-09T09:35:37.429] [DEBUG] cheese - null
[2020-12-09T09:35:37.429] [DEBUG] cheese - null
[2020-12-09T09:36:03.341] [DEBUG] cheese - login => username:admin,password:123456
[2020-12-09T09:36:03.342] [DEBUG] cheese - admin
[2020-12-09T09:36:03.343] [DEBUG] cheese - null
[2020-12-09T09:36:03.343] [DEBUG] cheese - null
[2020-12-09T09:36:22.361] [DEBUG] cheese - login => username:admin,password:123456
[2020-12-09T09:36:22.361] [DEBUG] cheese - admin
[2020-12-09T09:36:22.363] [DEBUG] cheese - null
[2020-12-09T09:36:22.363] [DEBUG] cheese - null
[2020-12-09T09:37:35.058] [DEBUG] cheese - login => username:admin,password:123456
[2020-12-09T09:37:35.058] [DEBUG] cheese - admin
[2020-12-09T09:37:35.059] [DEBUG] cheese - null
[2020-12-09T09:37:35.059] [DEBUG] cheese - null
[2020-12-09T10:00:15.345] [DEBUG] cheese - login => username:admin,password:123456
[2020-12-09T10:00:15.345] [DEBUG] cheese - admin
[2020-12-09T10:00:15.349] [DEBUG] cheese - null
[2020-12-09T10:00:15.349] [DEBUG] cheese - null
[2020-12-09T10:00:29.591] [DEBUG] cheese - login => username:admin,password:123456
[2020-12-09T10:00:29.591] [DEBUG] cheese - admin
[2020-12-09T10:00:29.593] [DEBUG] cheese - null
[2020-12-09T10:00:29.593] [DEBUG] cheese - null
[2020-12-09T10:00:32.819] [DEBUG] cheese - login => username:admin,password:123456
[2020-12-09T10:00:32.819] [DEBUG] cheese - admin
[2020-12-09T10:00:32.821] [DEBUG] cheese - null
[2020-12-09T10:00:32.821] [DEBUG] cheese - null
[2020-12-09T10:01:12.054] [DEBUG] cheese - login => username:admin,password:123456
[2020-12-09T10:01:12.054] [DEBUG] cheese - admin
[2020-12-09T10:01:12.056] [DEBUG] cheese - null
[2020-12-09T10:01:12.056] [DEBUG] cheese - null
[2020-12-09T10:01:36.654] [DEBUG] cheese - login => username:admin,password:123456
[2020-12-09T10:01:36.654] [DEBUG] cheese - admin
[2020-12-09T10:01:36.656] [DEBUG] cheese - null
[2020-12-09T10:01:36.656] [DEBUG] cheese - null
[2020-12-09T10:06:34.514] [DEBUG] cheese - login => username:admin,password:123456
[2020-12-09T10:06:34.514] [DEBUG] cheese - admin
[2020-12-09T10:06:34.518] [DEBUG] cheese - null
[2020-12-09T10:06:34.518] [DEBUG] cheese - null
[2020-12-09T10:08:04.119] [DEBUG] cheese - login => username:admin,password:123456
[2020-12-09T10:08:04.119] [DEBUG] cheese - admin
[2020-12-09T10:08:04.121] [DEBUG] cheese - null
[2020-12-09T10:08:04.121] [DEBUG] cheese - null
[2020-12-09T10:32:50.346] [DEBUG] cheese - login => username:admin,password:123456
[2020-12-09T10:32:50.346] [DEBUG] cheese - admin
[2020-12-09T10:32:50.356] [DEBUG] cheese - null
[2020-12-09T10:32:50.356] [DEBUG] cheese - null
[2020-12-09T10:40:47.564] [DEBUG] cheese - login => username:admin,password:123456
[2020-12-09T10:40:47.564] [DEBUG] cheese - admin
[2020-12-09T10:40:47.569] [DEBUG] cheese - null
[2020-12-09T10:40:47.569] [DEBUG] cheese - null
[2020-12-10T08:04:00.019] [DEBUG] cheese - login => username:admin,password:1234561
[2020-12-10T08:04:00.020] [DEBUG] cheese - admin
[2020-12-10T08:04:00.031] [DEBUG] cheese - login => username:admin,password:1234561
[2020-12-10T08:04:00.031] [DEBUG] cheese - admin
[2020-12-10T08:04:00.033] [DEBUG] cheese - login => username:admin,password:1234561
[2020-12-10T08:04:00.033] [DEBUG] cheese - admin
[2020-12-10T08:04:00.034] [DEBUG] cheese - login => username:admin,password:1234561
[2020-12-10T08:04:00.034] [DEBUG] cheese - admin
[2020-12-10T08:04:00.036] [DEBUG] cheese - login => username:admin,password:1234561
[2020-12-10T08:04:00.036] [DEBUG] cheese - admin
[2020-12-10T08:04:00.037] [DEBUG] cheese - login => username:admin,password:1234561
[2020-12-10T08:04:00.037] [DEBUG] cheese - admin
[2020-12-10T08:04:00.042] [DEBUG] cheese - null
[2020-12-10T08:04:00.042] [DEBUG] cheese - null
[2020-12-10T08:04:00.132] [DEBUG] cheese - null
[2020-12-10T08:04:00.132] [DEBUG] cheese - null
[2020-12-10T08:04:00.209] [DEBUG] cheese - null
[2020-12-10T08:04:00.209] [DEBUG] cheese - null
[2020-12-10T08:04:00.280] [DEBUG] cheese - null
[2020-12-10T08:04:00.280] [DEBUG] cheese - null
[2020-12-10T08:04:00.354] [DEBUG] cheese - null
[2020-12-10T08:04:00.354] [DEBUG] cheese - null
[2020-12-10T08:04:00.424] [DEBUG] cheese - null
[2020-12-10T08:04:00.424] [DEBUG] cheese - null
[2020-12-10T08:04:04.550] [DEBUG] cheese - login => username:admin,password:1234561
[2020-12-10T08:04:04.550] [DEBUG] cheese - admin
[2020-12-10T08:04:04.552] [DEBUG] cheese - null
[2020-12-10T08:04:04.552] [DEBUG] cheese - null
[2020-12-10T08:04:07.512] [DEBUG] cheese - login => username:admin,password:123456
[2020-12-10T08:04:07.512] [DEBUG] cheese - admin
[2020-12-10T08:04:07.514] [DEBUG] cheese - null
[2020-12-10T08:04:07.514] [DEBUG] cheese - null
[2020-12-10T08:40:37.079] [DEBUG] cheese - login => username:admin,password:123456
[2020-12-10T08:40:37.080] [DEBUG] cheese - admin
[2020-12-10T08:40:37.112] [DEBUG] cheese - null
[2020-12-10T08:40:37.112] [DEBUG] cheese - null
[2020-12-10T08:41:02.577] [DEBUG] cheese - login => username:admin,password:123456
[2020-12-10T08:41:02.578] [DEBUG] cheese - admin
[2020-12-10T08:41:02.583] [DEBUG] cheese - null
[2020-12-10T08:41:02.583] [DEBUG] cheese - null
[2020-12-10T08:41:53.346] [DEBUG] cheese - login => username:admin,password:123456
[2020-12-10T08:41:53.346] [DEBUG] cheese - admin
[2020-12-10T08:41:53.349] [DEBUG] cheese - null
[2020-12-10T08:41:53.349] [DEBUG] cheese - null
[2020-12-10T10:07:09.584] [DEBUG] cheese - login => username:admin,password:123456
[2020-12-10T10:07:09.585] [DEBUG] cheese - admin
[2020-12-10T10:07:09.593] [DEBUG] cheese - null
[2020-12-10T10:07:09.593] [DEBUG] cheese - null
[2020-12-10T10:07:19.979] [DEBUG] cheese - login => username:admin,password:123456
[2020-12-10T10:07:19.980] [DEBUG] cheese - admin
[2020-12-10T10:07:19.981] [DEBUG] cheese - null
[2020-12-10T10:07:19.981] [DEBUG] cheese - null
[2020-12-10T10:19:42.445] [DEBUG] cheese - login => username:admin,password:123456
[2020-12-10T10:19:42.446] [DEBUG] cheese - admin
[2020-12-10T10:19:42.447] [DEBUG] cheese - null
[2020-12-10T10:19:42.447] [DEBUG] cheese - null
[2020-12-10T10:26:29.002] [DEBUG] cheese - login => username:admin,password:123456
[2020-12-10T10:26:29.003] [DEBUG] cheese - admin
[2020-12-10T10:26:29.009] [DEBUG] cheese - null
[2020-12-10T10:26:29.009] [DEBUG] cheese - null
[2020-12-10T10:32:16.515] [DEBUG] cheese - login => username:admin,password:123456
[2020-12-10T10:32:16.515] [DEBUG] cheese - admin
[2020-12-10T10:32:16.517] [DEBUG] cheese - null
[2020-12-10T10:32:16.517] [DEBUG] cheese - null
[2020-12-10T10:32:53.972] [DEBUG] cheese - login => username:admin,password:123456
[2020-12-10T10:32:53.972] [DEBUG] cheese - admin
[2020-12-10T10:32:53.973] [DEBUG] cheese - null
[2020-12-10T10:32:53.974] [DEBUG] cheese - null
[2020-12-10T11:14:12.025] [DEBUG] cheese - login => username:admin,password:123456
[2020-12-10T11:14:12.025] [DEBUG] cheese - admin
[2020-12-10T11:14:12.032] [DEBUG] cheese - null
[2020-12-10T11:14:12.032] [DEBUG] cheese - null
[2020-12-10T11:14:34.728] [DEBUG] cheese - login => username:admin,password:123456
[2020-12-10T11:14:34.728] [DEBUG] cheese - admin
[2020-12-10T11:14:34.730] [DEBUG] cheese - null
[2020-12-10T11:14:34.731] [DEBUG] cheese - null
[2020-12-10T11:15:34.593] [DEBUG] cheese - login => username:admin,password:123456
[2020-12-10T11:15:34.593] [DEBUG] cheese - admin
[2020-12-10T11:15:34.594] [DEBUG] cheese - null
[2020-12-10T11:15:34.594] [DEBUG] cheese - null
[2020-12-10T11:17:37.004] [DEBUG] cheese - login => username:admin,password:123456
[2020-12-10T11:17:37.004] [DEBUG] cheese - admin
[2020-12-10T11:17:37.006] [DEBUG] cheese - null
[2020-12-10T11:17:37.006] [DEBUG] cheese - null
[2020-12-10T11:34:34.548] [DEBUG] cheese - login => username:admin,password:123456
[2020-12-10T11:34:34.549] [DEBUG] cheese - admin
[2020-12-10T11:34:34.555] [DEBUG] cheese - null
[2020-12-10T11:34:34.555] [DEBUG] cheese - null
[2020-12-10T15:14:14.720] [DEBUG] cheese - login => username:admin,password:123456
[2020-12-10T15:14:14.725] [DEBUG] cheese - admin
[2020-12-10T15:14:14.730] [DEBUG] cheese - null
[2020-12-10T15:14:14.730] [DEBUG] cheese - null
[2020-12-10T16:58:16.099] [DEBUG] cheese - login => username:admin,password:123456
[2020-12-10T16:58:16.099] [DEBUG] cheese - admin
[2020-12-10T16:58:16.102] [DEBUG] cheese - null
[2020-12-10T16:58:16.103] [DEBUG] cheese - null
[2020-12-10T20:35:59.556] [DEBUG] cheese - null
[2020-12-10T20:36:01.819] [DEBUG] cheese - null
[2020-12-10T20:37:30.910] [DEBUG] cheese - null
[2020-12-10T20:40:09.739] [DEBUG] cheese - null
[2020-12-10T20:40:53.114] [DEBUG] cheese - null
[2020-12-10T20:40:55.542] [DEBUG] cheese - null
[2020-12-10T20:40:57.487] [DEBUG] cheese - null
[2020-12-10T20:42:36.641] [DEBUG] cheese - null
[2020-12-11T08:06:02.169] [DEBUG] cheese - login => username:admin,password:123456
[2020-12-11T08:06:02.171] [DEBUG] cheese - admin
[2020-12-11T08:06:02.184] [DEBUG] cheese - null
[2020-12-11T08:06:02.184] [DEBUG] cheese - null
[2020-12-11T08:06:56.754] [DEBUG] cheese - null
[2020-12-11T08:06:59.181] [DEBUG] cheese - null
[2020-12-11T08:07:02.998] [DEBUG] cheese - null
[2020-12-13T09:59:49.880] [DEBUG] cheese - login => username:admin,password:123456
[2020-12-13T09:59:49.881] [DEBUG] cheese - admin
[2020-12-13T09:59:49.896] [DEBUG] cheese - null
[2020-12-13T09:59:49.897] [DEBUG] cheese - null
[2020-12-13T10:51:04.284] [DEBUG] cheese - login => username:admin,password:123456
[2020-12-13T10:51:04.285] [DEBUG] cheese - admin
[2020-12-13T10:51:04.289] [DEBUG] cheese - null
[2020-12-13T10:51:04.289] [DEBUG] cheese - null
[2020-12-14T08:09:21.171] [DEBUG] cheese - login => username:admin,password:123456
[2020-12-14T08:09:21.172] [DEBUG] cheese - admin
[2020-12-14T08:09:21.185] [DEBUG] cheese - null
[2020-12-14T08:09:21.185] [DEBUG] cheese - null
[2020-12-14T19:33:56.311] [DEBUG] cheese - null
[2020-12-14T19:34:36.051] [DEBUG] cheese - null
[2020-12-14T19:34:37.487] [DEBUG] cheese - null
[2020-12-14T19:34:37.688] [DEBUG] cheese - null
[2020-12-14T19:34:37.874] [DEBUG] cheese - null
[2020-12-14T19:34:38.041] [DEBUG] cheese - null
[2020-12-14T19:34:38.228] [DEBUG] cheese - null
[2020-12-14T19:34:38.412] [DEBUG] cheese - null
[2020-12-14T19:34:38.594] [DEBUG] cheese - null
[2020-12-14T19:34:38.763] [DEBUG] cheese - null
[2020-12-14T19:34:47.170] [DEBUG] cheese - null
[2020-12-14T19:34:56.879] [DEBUG] cheese - null
[2020-12-14T19:35:02.995] [DEBUG] cheese - null
[2020-12-14T19:35:12.324] [DEBUG] cheese - null
[2020-12-14T19:35:26.684] [DEBUG] cheese - null
[2020-12-14T19:37:23.405] [DEBUG] cheese - null
[2020-12-14T19:38:15.422] [DEBUG] cheese - null
[2020-12-14T19:38:42.605] [DEBUG] cheese - null
[2020-12-14T19:39:32.763] [DEBUG] cheese - null
[2020-12-14T19:39:41.362] [DEBUG] cheese - null
[2020-12-14T19:40:22.381] [DEBUG] cheese - null
[2020-12-14T19:40:48.650] [DEBUG] cheese - null
[2020-12-14T19:40:54.671] [DEBUG] cheese - null
[2020-12-14T19:41:03.904] [DEBUG] cheese - null
[2020-12-14T19:41:08.897] [DEBUG] cheese - null
[2020-12-14T19:41:15.140] [DEBUG] cheese - null
[2020-12-14T19:41:45.322] [DEBUG] cheese - null
[2020-12-14T19:41:50.288] [DEBUG] cheese - null
[2020-12-14T19:41:56.610] [DEBUG] cheese - null
[2020-12-14T19:42:13.620] [DEBUG] cheese - null
[2020-12-14T19:42:28.485] [DEBUG] cheese - null
[2020-12-14T19:42:37.074] [DEBUG] cheese - null
[2020-12-14T19:42:38.337] [DEBUG] cheese - null
[2020-12-14T19:42:44.792] [DEBUG] cheese - null
[2020-12-14T19:43:58.237] [DEBUG] cheese - null
[2020-12-14T19:44:33.956] [DEBUG] cheese - null
[2020-12-14T19:44:36.481] [DEBUG] cheese - null
[2020-12-14T19:44:39.361] [DEBUG] cheese - null
[2020-12-14T19:45:17.212] [DEBUG] cheese - null
[2020-12-14T19:46:26.687] [DEBUG] cheese - null
[2020-12-14T19:46:30.099] [DEBUG] cheese - null
[2020-12-14T19:46:34.851] [DEBUG] cheese - null
[2020-12-14T19:46:45.732] [DEBUG] cheese - null
[2020-12-14T19:46:51.402] [DEBUG] cheese - null
[2020-12-14T19:47:22.126] [DEBUG] cheese - null
[2020-12-14T19:47:33.314] [DEBUG] cheese - null
[2020-12-14T19:47:36.821] [DEBUG] cheese - null
[2020-12-14T19:47:41.673] [DEBUG] cheese - null
[2020-12-14T19:48:13.092] [DEBUG] cheese - null
[2020-12-14T19:48:39.855] [DEBUG] cheese - null
[2020-12-14T19:48:55.799] [DEBUG] cheese - null
[2020-12-14T19:49:25.984] [DEBUG] cheese - null
[2020-12-14T19:49:45.860] [DEBUG] cheese - null
[2020-12-14T19:50:23.686] [DEBUG] cheese - null
[2020-12-14T19:51:12.899] [DEBUG] cheese - null
[2020-12-15T08:10:31.192] [DEBUG] cheese - login => username:admin,password:123456
[2020-12-15T08:10:31.193] [DEBUG] cheese - admin
[2020-12-15T08:10:31.207] [DEBUG] cheese - null
[2020-12-15T08:10:31.207] [DEBUG] cheese - null
[2020-12-15T14:37:13.050] [DEBUG] cheese - login => username:admin,password:123456
[2020-12-15T14:37:13.060] [DEBUG] cheese - admin
[2020-12-15T14:37:13.469] [DEBUG] cheese - null
[2020-12-15T14:37:13.470] [DEBUG] cheese - null
[2020-12-15T14:49:53.994] [DEBUG] cheese - login => username:admin,password:123456
[2020-12-15T14:49:53.999] [DEBUG] cheese - admin
[2020-12-15T14:49:54.031] [DEBUG] cheese - null
[2020-12-15T14:49:54.032] [DEBUG] cheese - null
[2020-12-15T14:55:28.994] [DEBUG] cheese - login => username:admin,password:123456
[2020-12-15T14:55:28.994] [DEBUG] cheese - admin
[2020-12-15T14:55:28.998] [DEBUG] cheese - null
[2020-12-15T14:55:28.998] [DEBUG] cheese - null
[2020-12-15T14:59:59.038] [DEBUG] cheese - login => username:admin,password:123456
[2020-12-15T14:59:59.038] [DEBUG] cheese - admin
[2020-12-15T14:59:59.047] [DEBUG] cheese - null
[2020-12-15T14:59:59.047] [DEBUG] cheese - null
[2020-12-15T15:02:42.681] [DEBUG] cheese - login => username:admin,password:123456
[2020-12-15T15:02:42.681] [DEBUG] cheese - admin
[2020-12-15T15:02:42.687] [DEBUG] cheese - null
[2020-12-15T15:02:42.687] [DEBUG] cheese - null
[2020-12-15T15:19:26.052] [DEBUG] cheese - login => username:admin,password:123456
[2020-12-15T15:19:26.054] [DEBUG] cheese - admin
[2020-12-15T15:19:26.078] [DEBUG] cheese - null
[2020-12-15T15:19:26.079] [DEBUG] cheese - null
[2020-12-15T15:21:39.750] [DEBUG] cheese - login => username:admin,password:123456
[2020-12-15T15:21:39.750] [DEBUG] cheese - admin
[2020-12-15T15:21:39.756] [DEBUG] cheese - null
[2020-12-15T15:21:39.756] [DEBUG] cheese - null
[2020-12-15T15:42:54.181] [DEBUG] cheese - login => username:admin,password:123456
[2020-12-15T15:42:54.181] [DEBUG] cheese - admin
[2020-12-15T15:42:54.184] [DEBUG] cheese - null
[2020-12-15T15:42:54.184] [DEBUG] cheese - null
[2020-12-15T15:44:32.762] [DEBUG] cheese - login => username:admin,password:123456
[2020-12-15T15:44:32.763] [DEBUG] cheese - admin
[2020-12-15T15:45:00.740] [DEBUG] cheese - login => username:admin,password:123456
[2020-12-15T15:45:00.740] [DEBUG] cheese - admin
[2020-12-15T15:45:00.750] [DEBUG] cheese - null
[2020-12-15T15:45:00.750] [DEBUG] cheese - null
[2020-12-15T15:45:00.822] [DEBUG] cheese - login => username:admin,password:123456
[2020-12-15T15:45:00.822] [DEBUG] cheese - admin
[2020-12-15T15:45:00.824] [DEBUG] cheese - null
[2020-12-15T15:45:00.824] [DEBUG] cheese - null
[2020-12-15T15:45:00.892] [DEBUG] cheese - null
[2020-12-15T15:45:00.893] [DEBUG] cheese - null
[2020-12-15T15:46:39.198] [DEBUG] cheese - login => username:admin,password:123456
[2020-12-15T15:46:39.198] [DEBUG] cheese - admin
[2020-12-15T15:46:39.199] [DEBUG] cheese - null
[2020-12-15T15:46:39.199] [DEBUG] cheese - null
[2020-12-15T15:47:34.877] [DEBUG] cheese - login => username:admin,password:123456
[2020-12-15T15:47:34.877] [DEBUG] cheese - admin
[2020-12-15T15:47:34.879] [DEBUG] cheese - null
[2020-12-15T15:47:34.879] [DEBUG] cheese - null
[2020-12-15T15:48:19.688] [DEBUG] cheese - login => username:admin,password:123456
[2020-12-15T15:48:19.688] [DEBUG] cheese - admin
[2020-12-15T15:48:19.689] [DEBUG] cheese - null
[2020-12-15T15:48:19.689] [DEBUG] cheese - null
[2020-12-15T15:56:37.844] [DEBUG] cheese - login => username:admin,password:123456
[2020-12-15T15:56:37.845] [DEBUG] cheese - admin
[2020-12-15T15:56:37.853] [DEBUG] cheese - null
[2020-12-15T15:56:37.853] [DEBUG] cheese - null
